Client yanis joined.
Client Rafta joined.
Client dark yanis joined.
Client Rafta left.
Client rafta joined.
Client rafta left.
Client coco joined.
Client dark yanis left.
Client yanis left.
Client yanis2 joined.
Client coco left.
Client yanis2 left.
Client rafta joined.
Client yanis joined.
Client rafta joined.
Client sun joined.
Client hello joined.
Client rafta joined.
Client ggr joined.
Client mfff joined.
Client mfff a changé son nom pour moi
Client moi a changé son nom pour php
Client rafta left.
Client ggr left.
Client mfff left.
